<?xml version="1.0" encoding="UTF-8"?>
<testng-results ignored="0" total="1" passed="1" failed="0" skipped="0">
  <reporter-output>
  </reporter-output>
  <suite started-at="2023-12-28T00:56:40 IST" name="Default suite" finished-at="2023-12-28T00:56:41 IST" duration-ms="1354">
    <groups>
    </groups>
    <test started-at="2023-12-28T00:56:40 IST" name="Default test" finished-at="2023-12-28T00:56:41 IST" duration-ms="1354">
      <class name="COM.MGS.AppTest">
        <test-method signature="run()[pri:0, instance:COM.MGS.AppTest@2ed2d9cb]" started-at="2023-12-28T00:56:40 IST" name="run" finished-at="2023-12-28T00:56:41 IST" duration-ms="1321" status="PASS">
          <reporter-output>
          </reporter-output>
        </test-method> <!-- run -->
      </class> <!-- COM.MGS.AppTest -->
    </test> <!-- Default test -->
  </suite> <!-- Default suite -->
</testng-results>
